# JRE version: Java(TM) SE Runtime Environment (19.0.2+7) (build 19.0.2+7-44)
# Java VM: Java HotSpot(TM) 64-Bit Server VM (19.0.2+7-44, mixed mode, sharing, tiered, compressed oops, compressed class ptrs, g1 gc, windows-amd64)
GC Precious Log:
 CardTable entry size: 512
 Card Set container configuration: InlinePtr #cards 4 size 8 Array Of Cards #cards 16 size 48 Howl #buckets 8 coarsen threshold 3686 Howl Bitmap #cards 512 size 80 coarsen threshold 460 Card regions per heap region 1 cards per card region 4096
 CPUs: 16 total, 16 available
 Memory: 16337M
 Large Page Support: Disabled
 NUMA Support: Disabled
 Compressed Oops: Enabled (Zero based)
 Heap Region Size: 2M
 Heap Min Capacity: 8M
 Heap Initial Capacity: 256M
 Heap Max Capacity: 4086M
 Pre-touch: Disabled
 Parallel Workers: 13
 Concurrent Workers: 3
 Concurrent Refinement Workers: 13
 Periodic GC: Disabled
Heap:
 garbage-first heap   total 75776K, used 34430K [0x0000000700a00000, 0x0000000800000000)
  region size 2048K, 8 young (16384K), 1 survivors (2048K)
 Metaspace       used 33915K, committed 34496K, reserved 1114112K
  class space    used 4279K, committed 4544K, reserved 1048576K
GC Heap History (20 events):
Event: 4.844 GC heap before
{Heap before GC invocations=2 (full 0):
 garbage-first heap   total 262144K, used 59482K [0x0000000700a00000, 0x0000000800000000)
  region size 2048K, 27 young (55296K), 1 survivors (2048K)
 Metaspace       used 21168K, committed 21504K, reserved 1114112K
  class space    used 2975K, committed 3136K, reserved 1048576K
}
Event: 4.850 GC heap after
{Heap after GC invocations=3 (full 0):
 garbage-first heap   total 262144K, used 15125K [0x0000000700a00000, 0x0000000800000000)
  region size 2048K, 4 young (8192K), 4 survivors (8192K)
 Metaspace       used 21168K, committed 21504K, reserved 1114112K
  class space    used 2975K, committed 3136K, reserved 1048576K
}
Event: 5.718 GC heap before
{Heap before GC invocations=4 (full 0):
 garbage-first heap   total 75776K, used 51989K [0x0000000700a00000, 0x0000000800000000)
  region size 2048K, 22 young (45056K), 4 survivors (8192K)
 Metaspace       used 27100K, committed 27456K, reserved 1114112K
  class space    used 3698K, committed 3840K, reserved 1048576K
}
Event: 5.724 GC heap after
{Heap after GC invocations=5 (full 0):
 garbage-first heap   total 75776K, used 17520K [0x0000000700a00000, 0x0000000800000000)
  region size 2048K, 2 young (4096K), 2 survivors (4096K)
 Metaspace       used 27100K, committed 27456K, reserved 1114112K
  class space    used 3698K, committed 3840K, reserved 1048576K
}
Event: 5.826 GC heap before
{Heap before GC invocations=5 (full 0):
 garbage-first heap   total 75776K, used 19568K [0x0000000700a00000, 0x0000000800000000)
  region size 2048K, 3 young (6144K), 2 survivors (4096K)
 Metaspace       used 27655K, committed 28032K, reserved 1114112K
  class space    used 3773K, committed 3968K, reserved 1048576K
}
Event: 5.829 GC heap after
{Heap after GC invocations=6 (full 0):
 garbage-first heap   total 75776K, used 17865K [0x0000000700a00000, 0x0000000800000000)
  region size 2048K, 1 young (2048K), 1 survivors (2048K)
 Metaspace       used 27655K, committed 28032K, reserved 1114112K
  class space    used 3773K, committed 3968K, reserved 1048576K
}
Event: 29.390 GC heap before
{Heap before GC invocations=6 (full 0):
 garbage-first heap   total 75776K, used 50633K [0x0000000700a00000, 0x0000000800000000)
  region size 2048K, 17 young (34816K), 1 survivors (2048K)
 Metaspace       used 32146K, committed 32640K, reserved 1114112K
  class space    used 4163K, committed 4416K, reserved 1048576K
}
Event: 29.392 GC heap after
{Heap after GC invocations=7 (full 0):
 garbage-first heap   total 75776K, used 20470K [0x0000000700a00000, 0x0000000800000000)
  region size 2048K, 2 young (4096K), 2 survivors (4096K)
 Metaspace       used 32146K, committed 32640K, reserved 1114112K
  class space    used 4163K, committed 4416K, reserved 1048576K
}
Event: 65.610 GC heap before
{Heap before GC invocations=7 (full 0):
 garbage-first heap   total 75776K, used 51190K [0x0000000700a00000, 0x0000000800000000)
  region size 2048K, 17 young (34816K), 2 survivors (4096K)
 Metaspace       used 32793K, committed 33216K, reserved 1114112K
  class space    used 4165K, committed 4416K, reserved 1048576K
}
Event: 65.613 GC heap after
{Heap after GC invocations=8 (full 0):
 garbage-first heap   total 75776K, used 22632K [0x0000000700a00000, 0x0000000800000000)
  region size 2048K, 3 young (6144K), 3 survivors (6144K)
 Metaspace       used 32793K, committed 33216K, reserved 1114112K
  class space    used 4165K, committed 4416K, reserved 1048576K
}
Event: 117.380 GC heap before
{Heap before GC invocations=8 (full 0):
 garbage-first heap   total 75776K, used 53352K [0x0000000700a00000, 0x0000000800000000)
  region size 2048K, 18 young (36864K), 3 survivors (6144K)
 Metaspace       used 33072K, committed 33536K, reserved 1114112K
  class space    used 4169K, committed 4416K, reserved 1048576K
}
Event: 117.383 GC heap after
{Heap after GC invocations=9 (full 0):
 garbage-first heap   total 75776K, used 22895K [0x0000000700a00000, 0x0000000800000000)
  region size 2048K, 2 young (4096K), 2 survivors (4096K)
 Metaspace       used 33072K, committed 33536K, reserved 1114112K
  class space    used 4169K, committed 4416K, reserved 1048576K
}
Event: 148.403 GC heap before
{Heap before GC invocations=9 (full 0):
 garbage-first heap   total 75776K, used 53615K [0x0000000700a00000, 0x0000000800000000)
  region size 2048K, 17 young (34816K), 2 survivors (4096K)
 Metaspace       used 33586K, committed 34176K, reserved 1114112K
  class space    used 4273K, committed 4544K, reserved 1048576K
}
Event: 148.405 GC heap after
{Heap after GC invocations=10 (full 0):
 garbage-first heap   total 75776K, used 23278K [0x0000000700a00000, 0x0000000800000000)
  region size 2048K, 2 young (4096K), 2 survivors (4096K)
 Metaspace       used 33586K, committed 34176K, reserved 1114112K
  class space    used 4273K, committed 4544K, reserved 1048576K
}
Event: 192.791 GC heap before
{Heap before GC invocations=10 (full 0):
 garbage-first heap   total 75776K, used 56046K [0x0000000700a00000, 0x0000000800000000)
  region size 2048K, 18 young (36864K), 2 survivors (4096K)
 Metaspace       used 33795K, committed 34304K, reserved 1114112K
  class space    used 4278K, committed 4544K, reserved 1048576K
}
Event: 192.794 GC heap after
{Heap after GC invocations=11 (full 0):
 garbage-first heap   total 75776K, used 24248K [0x0000000700a00000, 0x0000000800000000)
  region size 2048K, 3 young (6144K), 3 survivors (6144K)
 Metaspace       used 33795K, committed 34304K, reserved 1114112K
  class space    used 4278K, committed 4544K, reserved 1048576K
}
Event: 279.256 GC heap before
{Heap before GC invocations=11 (full 0):
 garbage-first heap   total 75776K, used 54968K [0x0000000700a00000, 0x0000000800000000)
  region size 2048K, 18 young (36864K), 3 survivors (6144K)
 Metaspace       used 33834K, committed 34368K, reserved 1114112K
  class space    used 4278K, committed 4544K, reserved 1048576K
}
Event: 279.258 GC heap after
{Heap after GC invocations=12 (full 0):
 garbage-first heap   total 75776K, used 22280K [0x0000000700a00000, 0x0000000800000000)
  region size 2048K, 1 young (2048K), 1 survivors (2048K)
 Metaspace       used 33834K, committed 34368K, reserved 1114112K
  class space    used 4278K, committed 4544K, reserved 1048576K
}
Event: 338.460 GC heap before
{Heap before GC invocations=12 (full 0):
 garbage-first heap   total 75776K, used 57096K [0x0000000700a00000, 0x0000000800000000)
  region size 2048K, 18 young (36864K), 1 survivors (2048K)
 Metaspace       used 33860K, committed 34368K, reserved 1114112K
  class space    used 4278K, committed 4544K, reserved 1048576K
}
Event: 338.461 GC heap after
{Heap after GC invocations=13 (full 0):
 garbage-first heap   total 75776K, used 22142K [0x0000000700a00000, 0x0000000800000000)
  region size 2048K, 1 young (2048K), 1 survivors (2048K)
 Metaspace       used 33860K, committed 34368K, reserved 1114112K
  class space    used 4278K, committed 4544K, reserved 1048576K
}

